Build started 9/29/2014 1:01:18 PM.
     1>Project "V:\acm-directx\Tutorial05\Tutorial05_2012.vcxproj" on node 2 (Build target(s)).
     1>FxCompile:
         C:\Program Files (x86)\Windows Kits\8.1\bin\x86\fxc.exe /nologo /E"PS" /T ps_4_0 /Fo "V:\acm-directx\Debug\Tutorial05_PS.cso" Tutorial05_PS.hlsl 
         compilation object save succeeded; see V:\acm-directx\Debug\Tutorial05_PS.cso
         C:\Program Files (x86)\Windows Kits\8.1\bin\x86\fxc.exe /nologo /E"VS" /T vs_4_0 /Fo "V:\acm-directx\Debug\Tutorial05_VS.cso" Tutorial05_VS.hlsl 
         compilation object save succeeded; see V:\acm-directx\Debug\Tutorial05_VS.cso
       ClCompile:
         C:\Program Files (x86)\Microsoft Visual Studio 12.0\VC\bin\CL.exe /c /ZI /nologo /W4 /WX- /Od /Oi /Oy- /D WIN32 /D _DEBUG /D DEBUG /D PROFILE /D _WINDOWS /D _WIN32_WINNT=0x0600 /D _UNICODE /D UNICODE /Gm- /EHsc /RTC1 /MDd /GS /arch:SSE2 /fp:fast /Zc:wchar_t /Zc:forScope /openmp- /Fo"Debug\\" /Fd"Debug\vc120.pdb" /Gd /TP /analyze- /errorReport:prompt  Tutorial05.cpp
         Tutorial05.cpp
       ResourceCompile:
         C:\Program Files (x86)\Windows Kits\8.1\bin\x86\rc.exe /D _UNICODE /D UNICODE /l"0x0409" /nologo /fo"Debug\Tutorial05.res" Tutorial05.rc 
       Link:
         C:\Program Files (x86)\Microsoft Visual Studio 12.0\VC\bin\link.exe /ERRORREPORT:PROMPT /OUT:"V:\acm-directx\Debug\Tutorial05.exe" /INCREMENTAL /NOLOGO d3d11.lib d3dcompiler.lib dxguid.lib winmm.lib comctl32.lib kernel32.lib user32.lib gdi32.lib winspool.lib comdlg32.lib advapi32.lib shell32.lib ole32.lib oleaut32.lib uuid.lib odbc32.lib odbccp32.lib /MANIFEST /MANIFESTUAC:"level='asInvoker' uiAccess='false'" /manifest:embed /manifestinput:"C:\Program Files (x86)\Microsoft Visual Studio 12.0\VC\Include\Manifest\dpiaware.manifest" /DEBUG /PDB:"V:\acm-directx\Debug\Tutorial05.pdb" /SUBSYSTEM:WINDOWS /LARGEADDRESSAWARE /TLBID:1 /DYNAMICBASE /NXCOMPAT /IMPLIB:"V:\acm-directx\Debug\Tutorial05.lib" /MACHINE:X86 /SAFESEH  Debug\Tutorial05.res
         Debug\Tutorial05.obj
     1>Tutorial05.obj : warning LNK4075: ignoring '/EDITANDCONTINUE' due to '/SAFESEH' specification
         Tutorial05_2012.vcxproj -> V:\acm-directx\Debug\Tutorial05.exe
     1>Done Building Project "V:\acm-directx\Tutorial05\Tutorial05_2012.vcxproj" (Build target(s)).

Build succeeded.

Time Elapsed 00:00:03.24
